Using pre-set license
Built from '2020.3/staging' branch; Version is '2020.3.8f1 (507919d4fff5) revision 5273881'; Using compiler version '192528614'; Build Type 'Release'
OS: 'Windows 10 Pro; OS build 19042.928; Version 2009; 64bit' Language: 'en' Physical Memory: 14284 MB
BatchMode: 1, IsHumanControllingUs: 0, StartBugReporterOnCrash: 0, Is64bit: 1, IsPro: 0

 COMMAND LINE ARGUMENTS:
C:\Program Files\Unity\Hub\Editor\2020.3.8f1\Editor\Unity.exe
-adb2
-batchMode
-noUpm
-name
AssetImportWorker0
-projectPath
D:/Unity Projects/MasterUoM
-logFile
Logs/AssetImportWorker0.log
-srvPort
52213
Successfully changed project path to: D:/Unity Projects/MasterUoM
D:/Unity Projects/MasterUoM
Using Asset Import Pipeline V2.
Refreshing native plugins compatible for Editor in 63.93 ms, found 1 plugins.
Preloading 0 native plugins for Editor in 0.00 ms.
Initialize engine version: 2020.3.8f1 (507919d4fff5)
[Subsystems] Discovering subsystems at path C:/Program Files/Unity/Hub/Editor/2020.3.8f1/Editor/Data/Resources/UnitySubsystems
[Subsystems] Discovering subsystems at path D:/Unity Projects/MasterUoM/Assets
GfxDevice: creating device client; threaded=0
Direct3D:
    Version:  Direct3D 11.0 [level 11.1]
    Renderer: AMD Radeon(TM) RX Vega 11 Graphics (ID=0x15d8)
    Vendor:   
    VRAM:     7142 MB
    Driver:   27.20.22001.14011
Initialize mono
Mono path[0] = 'C:/Program Files/Unity/Hub/Editor/2020.3.8f1/Editor/Data/Managed'
Mono path[1] = 'C:/Program Files/Unity/Hub/Editor/2020.3.8f1/Editor/Data/MonoBleedingEdge/lib/mono/unityjit'
Mono config path = 'C:/Program Files/Unity/Hub/Editor/2020.3.8f1/Editor/Data/MonoBleedingEdge/etc'
Using monoOptions --debugger-agent=transport=dt_socket,embedding=1,server=y,suspend=n,address=127.0.0.1:56476
Begin MonoManager ReloadAssembly
Registering precompiled unity dll's ...
Register platform support module: C:/Program Files/Unity/Hub/Editor/2020.3.8f1/Editor/Data/PlaybackEngines/WindowsStandaloneSupport/UnityEditor.WindowsStandalone.Extensions.dll
Registered in 0.002498 seconds.
Native extension for WindowsStandalone target not found
Refreshing native plugins compatible for Editor in 57.59 ms, found 1 plugins.
Preloading 0 native plugins for Editor in 0.00 ms.
Mono: successfully reloaded assembly
- Completed reload, in  2.202 seconds
Platform modules already initialized, skipping
Registering precompiled user dll's ...
Registered in 0.003397 seconds.
Begin MonoManager ReloadAssembly
Native extension for WindowsStandalone target not found
Refreshing native plugins compatible for Editor in 63.54 ms, found 1 plugins.
Preloading 0 native plugins for Editor in 0.00 ms.
Mono: successfully reloaded assembly
- Completed reload, in  1.278 seconds
Platform modules already initialized, skipping
========================================================================
Worker process is ready to serve import requests
Launched and connected shader compiler UnityShaderCompiler.exe after 0.05 seconds
Refreshing native plugins compatible for Editor in 0.65 ms, found 1 plugins.
Preloading 0 native plugins for Editor in 0.00 ms.
Unloading 1867 Unused Serialized files (Serialized files now loaded: 0)
System memory in use before: 86.8 MB.
System memory in use after: 86.8 MB.

Unloading 31 unused Assets to reduce memory usage. Loaded Objects now: 2310.
Total: 2.983000 ms (FindLiveObjects: 0.246400 ms CreateObjectMapping: 0.052500 ms MarkObjects: 2.492900 ms  DeleteObjects: 0.189300 ms)

========================================================================
Received Import Request.
  path: Assets/Scripts/NPC.cs
  artifactKey: Guid(8fa93bfbcb15d6341a0d1ca780271c07) Importer(815301076,1909f56bfc062723c751e8b465ee728b)
Start importing Assets/Scripts/NPC.cs using Guid(8fa93bfbcb15d6341a0d1ca780271c07) Importer(815301076,1909f56bfc062723c751e8b465ee728b)  -> (artifact id: '692bba45cebbf1089e5bba167546d5b4') in 0.028589 seconds
  Import took 0.033165 seconds .

========================================================================
Received Import Request.
  Time since last request: 225.397694 seconds.
  path: Assets/Scripts/NPC.cs
  artifactKey: Guid(8fa93bfbcb15d6341a0d1ca780271c07) Importer(815301076,1909f56bfc062723c751e8b465ee728b)
Start importing Assets/Scripts/NPC.cs using Guid(8fa93bfbcb15d6341a0d1ca780271c07) Importer(815301076,1909f56bfc062723c751e8b465ee728b)  -> (artifact id: '0f720eff1927e58edeb839f4401b36a3') in 0.002887 seconds
  Import took 0.007513 seconds .

========================================================================
Received Import Request.
  Time since last request: 0.000593 seconds.
  path: Assets/Scripts/NPC.cs
  artifactKey: Guid(8fa93bfbcb15d6341a0d1ca780271c07) Importer(815301076,1909f56bfc062723c751e8b465ee728b)
Start importing Assets/Scripts/NPC.cs using Guid(8fa93bfbcb15d6341a0d1ca780271c07) Importer(815301076,1909f56bfc062723c751e8b465ee728b)  -> (artifact id: '0f720eff1927e58edeb839f4401b36a3') in 0.002061 seconds
  Import took 0.006239 seconds .

========================================================================
Received Import Request.
  Time since last request: 191.118989 seconds.
  path: Assets/Scripts/NPC.cs
  artifactKey: Guid(8fa93bfbcb15d6341a0d1ca780271c07) Importer(815301076,1909f56bfc062723c751e8b465ee728b)
Start importing Assets/Scripts/NPC.cs using Guid(8fa93bfbcb15d6341a0d1ca780271c07) Importer(815301076,1909f56bfc062723c751e8b465ee728b)  -> (artifact id: 'e5d904fb0ddca3380d8b56f8a169ed4f') in 0.003345 seconds
  Import took 0.008390 seconds .

========================================================================
Received Import Request.
  Time since last request: 0.001238 seconds.
  path: Assets/Scripts/NPC.cs
  artifactKey: Guid(8fa93bfbcb15d6341a0d1ca780271c07) Importer(815301076,1909f56bfc062723c751e8b465ee728b)
Start importing Assets/Scripts/NPC.cs using Guid(8fa93bfbcb15d6341a0d1ca780271c07) Importer(815301076,1909f56bfc062723c751e8b465ee728b)  -> (artifact id: 'e5d904fb0ddca3380d8b56f8a169ed4f') in 0.002699 seconds
  Import took 0.010429 seconds .

========================================================================
Received Import Request.
  Time since last request: 31.268030 seconds.
  path: Assets/Scripts/NPC.cs
  artifactKey: Guid(8fa93bfbcb15d6341a0d1ca780271c07) Importer(815301076,1909f56bfc062723c751e8b465ee728b)
Start importing Assets/Scripts/NPC.cs using Guid(8fa93bfbcb15d6341a0d1ca780271c07) Importer(815301076,1909f56bfc062723c751e8b465ee728b)  -> (artifact id: '4c41a1a87ef9853e4bf7db3b9e699d76') in 0.002655 seconds
  Import took 0.008460 seconds .

========================================================================
Received Import Request.
  Time since last request: 0.000594 seconds.
  path: Assets/Scripts/NPC.cs
  artifactKey: Guid(8fa93bfbcb15d6341a0d1ca780271c07) Importer(815301076,1909f56bfc062723c751e8b465ee728b)
Start importing Assets/Scripts/NPC.cs using Guid(8fa93bfbcb15d6341a0d1ca780271c07) Importer(815301076,1909f56bfc062723c751e8b465ee728b)  -> (artifact id: '4c41a1a87ef9853e4bf7db3b9e699d76') in 0.002443 seconds
  Import took 0.007726 seconds .

========================================================================
Received Prepare
Registering precompiled user dll's ...
Registered in 0.003459 seconds.
Begin MonoManager ReloadAssembly
Native extension for WindowsStandalone target not found
Refreshing native plugins compatible for Editor in 0.79 ms, found 1 plugins.
Preloading 0 native plugins for Editor in 0.00 ms.
Mono: successfully reloaded assembly
- Completed reload, in  1.255 seconds
Platform modules already initialized, skipping
Refreshing native plugins compatible for Editor in 1.08 ms, found 1 plugins.
Preloading 0 native plugins for Editor in 0.00 ms.
Unloading 1861 Unused Serialized files (Serialized files now loaded: 0)
System memory in use before: 86.7 MB.
System memory in use after: 86.7 MB.

Unloading 19 unused Assets to reduce memory usage. Loaded Objects now: 2314.
Total: 2.748100 ms (FindLiveObjects: 0.346800 ms CreateObjectMapping: 0.092900 ms MarkObjects: 2.169500 ms  DeleteObjects: 0.136700 ms)

========================================================================
Received Import Request.
  Time since last request: 97.838299 seconds.
  path: Assets/Scripts/Enemy.cs
  artifactKey: Guid(6c233414663b36c4a9064cbcf9a08cd3) Importer(815301076,1909f56bfc062723c751e8b465ee728b)
Start importing Assets/Scripts/Enemy.cs using Guid(6c233414663b36c4a9064cbcf9a08cd3) Importer(815301076,1909f56bfc062723c751e8b465ee728b)  -> (artifact id: '702b95d80137b850ef5bc1db1d405e6a') in 0.007970 seconds
  Import took 0.013014 seconds .

========================================================================
Received Import Request.
  Time since last request: 0.002998 seconds.
  path: Assets/Scripts/Enemy.cs
  artifactKey: Guid(6c233414663b36c4a9064cbcf9a08cd3) Importer(815301076,1909f56bfc062723c751e8b465ee728b)
Start importing Assets/Scripts/Enemy.cs using Guid(6c233414663b36c4a9064cbcf9a08cd3) Importer(815301076,1909f56bfc062723c751e8b465ee728b)  -> (artifact id: '702b95d80137b850ef5bc1db1d405e6a') in 0.002606 seconds
  Import took 0.007467 seconds .

========================================================================
Received Prepare
Registering precompiled user dll's ...
Registered in 0.004651 seconds.
Begin MonoManager ReloadAssembly
Native extension for WindowsStandalone target not found
Refreshing native plugins compatible for Editor in 0.69 ms, found 1 plugins.
Preloading 0 native plugins for Editor in 0.00 ms.
Mono: successfully reloaded assembly
- Completed reload, in  1.216 seconds
Platform modules already initialized, skipping
Refreshing native plugins compatible for Editor in 0.63 ms, found 1 plugins.
Preloading 0 native plugins for Editor in 0.00 ms.
Unloading 1861 Unused Serialized files (Serialized files now loaded: 0)
System memory in use before: 86.8 MB.
System memory in use after: 86.8 MB.

Unloading 19 unused Assets to reduce memory usage. Loaded Objects now: 2318.
Total: 2.687500 ms (FindLiveObjects: 0.238500 ms CreateObjectMapping: 0.050800 ms MarkObjects: 2.227200 ms  DeleteObjects: 0.169200 ms)

========================================================================
Received Prepare
Registering precompiled user dll's ...
Registered in 0.006245 seconds.
Begin MonoManager ReloadAssembly
Native extension for WindowsStandalone target not found
Refreshing native plugins compatible for Editor in 1.10 ms, found 1 plugins.
Preloading 0 native plugins for Editor in 0.00 ms.
Mono: successfully reloaded assembly
- Completed reload, in  1.274 seconds
Platform modules already initialized, skipping
Refreshing native plugins compatible for Editor in 0.61 ms, found 1 plugins.
Preloading 0 native plugins for Editor in 0.00 ms.
Unloading 1861 Unused Serialized files (Serialized files now loaded: 0)
System memory in use before: 86.8 MB.
System memory in use after: 86.8 MB.

Unloading 19 unused Assets to reduce memory usage. Loaded Objects now: 2322.
Total: 2.759700 ms (FindLiveObjects: 0.239300 ms CreateObjectMapping: 0.048700 ms MarkObjects: 2.334800 ms  DeleteObjects: 0.135600 ms)

========================================================================
Received Prepare
Registering precompiled user dll's ...
Registered in 0.003508 seconds.
Begin MonoManager ReloadAssembly
Native extension for WindowsStandalone target not found
Refreshing native plugins compatible for Editor in 0.86 ms, found 1 plugins.
Preloading 0 native plugins for Editor in 0.00 ms.
Mono: successfully reloaded assembly
- Completed reload, in  1.201 seconds
Platform modules already initialized, skipping
Refreshing native plugins compatible for Editor in 0.61 ms, found 1 plugins.
Preloading 0 native plugins for Editor in 0.00 ms.
Unloading 1861 Unused Serialized files (Serialized files now loaded: 0)
System memory in use before: 86.8 MB.
System memory in use after: 86.8 MB.

Unloading 19 unused Assets to reduce memory usage. Loaded Objects now: 2326.
Total: 2.836900 ms (FindLiveObjects: 0.253800 ms CreateObjectMapping: 0.048400 ms MarkObjects: 2.387300 ms  DeleteObjects: 0.144600 ms)

========================================================================
Received Prepare
Registering precompiled user dll's ...
Registered in 0.005615 seconds.
Begin MonoManager ReloadAssembly
Native extension for WindowsStandalone target not found
Refreshing native plugins compatible for Editor in 1.06 ms, found 1 plugins.
Preloading 0 native plugins for Editor in 0.00 ms.
Mono: successfully reloaded assembly
- Completed reload, in  1.276 seconds
Platform modules already initialized, skipping
Refreshing native plugins compatible for Editor in 0.61 ms, found 1 plugins.
Preloading 0 native plugins for Editor in 0.00 ms.
Unloading 1861 Unused Serialized files (Serialized files now loaded: 0)
System memory in use before: 86.8 MB.
System memory in use after: 86.8 MB.

Unloading 19 unused Assets to reduce memory usage. Loaded Objects now: 2330.
Total: 2.823500 ms (FindLiveObjects: 0.245400 ms CreateObjectMapping: 0.049900 ms MarkObjects: 2.379100 ms  DeleteObjects: 0.147500 ms)

========================================================================
Received Prepare
Registering precompiled user dll's ...
Registered in 0.005405 seconds.
Begin MonoManager ReloadAssembly
Native extension for WindowsStandalone target not found
Refreshing native plugins compatible for Editor in 0.75 ms, found 1 plugins.
Preloading 0 native plugins for Editor in 0.00 ms.
Mono: successfully reloaded assembly
- Completed reload, in  1.260 seconds
Platform modules already initialized, skipping
Refreshing native plugins compatible for Editor in 0.60 ms, found 1 plugins.
Preloading 0 native plugins for Editor in 0.00 ms.
Unloading 1861 Unused Serialized files (Serialized files now loaded: 0)
System memory in use before: 86.8 MB.
System memory in use after: 86.8 MB.

Unloading 19 unused Assets to reduce memory usage. Loaded Objects now: 2334.
Total: 2.741900 ms (FindLiveObjects: 0.247800 ms CreateObjectMapping: 0.052700 ms MarkObjects: 2.286300 ms  DeleteObjects: 0.153600 ms)

========================================================================
Received Prepare
Registering precompiled user dll's ...
Registered in 0.005424 seconds.
Begin MonoManager ReloadAssembly
Native extension for WindowsStandalone target not found
Refreshing native plugins compatible for Editor in 0.67 ms, found 1 plugins.
Preloading 0 native plugins for Editor in 0.00 ms.
Mono: successfully reloaded assembly
- Completed reload, in  1.247 seconds
Platform modules already initialized, skipping
Refreshing native plugins compatible for Editor in 0.67 ms, found 1 plugins.
Preloading 0 native plugins for Editor in 0.00 ms.
Unloading 1861 Unused Serialized files (Serialized files now loaded: 0)
System memory in use before: 86.9 MB.
System memory in use after: 86.8 MB.

Unloading 19 unused Assets to reduce memory usage. Loaded Objects now: 2338.
Total: 3.349800 ms (FindLiveObjects: 0.273100 ms CreateObjectMapping: 0.070900 ms MarkObjects: 2.810900 ms  DeleteObjects: 0.192700 ms)

========================================================================
Received Prepare
Registering precompiled user dll's ...
Registered in 0.005674 seconds.
Begin MonoManager ReloadAssembly
Native extension for WindowsStandalone target not found
Refreshing native plugins compatible for Editor in 0.62 ms, found 1 plugins.
Preloading 0 native plugins for Editor in 0.00 ms.
Mono: successfully reloaded assembly
- Completed reload, in  1.265 seconds
Platform modules already initialized, skipping
Refreshing native plugins compatible for Editor in 1.09 ms, found 1 plugins.
Preloading 0 native plugins for Editor in 0.00 ms.
Unloading 1861 Unused Serialized files (Serialized files now loaded: 0)
System memory in use before: 86.9 MB.
System memory in use after: 86.8 MB.

Unloading 19 unused Assets to reduce memory usage. Loaded Objects now: 2342.
Total: 2.768100 ms (FindLiveObjects: 0.308800 ms CreateObjectMapping: 0.051500 ms MarkObjects: 2.255400 ms  DeleteObjects: 0.150200 ms)

========================================================================
Received Prepare
Registering precompiled user dll's ...
Registered in 0.003365 seconds.
Begin MonoManager ReloadAssembly
Native extension for WindowsStandalone target not found
Refreshing native plugins compatible for Editor in 1.22 ms, found 1 plugins.
Preloading 0 native plugins for Editor in 0.00 ms.
Mono: successfully reloaded assembly
- Completed reload, in  1.287 seconds
Platform modules already initialized, skipping
Refreshing native plugins compatible for Editor in 0.74 ms, found 1 plugins.
Preloading 0 native plugins for Editor in 0.00 ms.
Unloading 1861 Unused Serialized files (Serialized files now loaded: 0)
System memory in use before: 86.9 MB.
System memory in use after: 86.9 MB.

Unloading 19 unused Assets to reduce memory usage. Loaded Objects now: 2346.
Total: 10.853600 ms (FindLiveObjects: 0.349100 ms CreateObjectMapping: 0.066900 ms MarkObjects: 10.262300 ms  DeleteObjects: 0.173200 ms)

========================================================================
Received Import Request.
  Time since last request: 4672.440546 seconds.
  path: Assets/Scripts/Stat.cs
  artifactKey: Guid(2752d3c61dde836479092f453e35f989) Importer(815301076,1909f56bfc062723c751e8b465ee728b)
Start importing Assets/Scripts/Stat.cs using Guid(2752d3c61dde836479092f453e35f989) Importer(815301076,1909f56bfc062723c751e8b465ee728b)  -> (artifact id: 'd71f506754e67e30e54afd21dff66417') in 0.006357 seconds
  Import took 0.013843 seconds .

========================================================================
Received Prepare
Registering precompiled user dll's ...
Registered in 0.005355 seconds.
Begin MonoManager ReloadAssembly
Native extension for WindowsStandalone target not found
Refreshing native plugins compatible for Editor in 0.65 ms, found 1 plugins.
Preloading 0 native plugins for Editor in 0.00 ms.
Mono: successfully reloaded assembly
- Completed reload, in  1.240 seconds
Platform modules already initialized, skipping
Refreshing native plugins compatible for Editor in 1.07 ms, found 1 plugins.
Preloading 0 native plugins for Editor in 0.00 ms.
Unloading 1861 Unused Serialized files (Serialized files now loaded: 0)
System memory in use before: 86.9 MB.
System memory in use after: 86.9 MB.

Unloading 19 unused Assets to reduce memory usage. Loaded Objects now: 2350.
Total: 3.564200 ms (FindLiveObjects: 0.275500 ms CreateObjectMapping: 0.068000 ms MarkObjects: 3.040200 ms  DeleteObjects: 0.178300 ms)

========================================================================
Received Import Request.
  Time since last request: 69.862060 seconds.
  path: Assets/Scripts/Stat.cs
  artifactKey: Guid(2752d3c61dde836479092f453e35f989) Importer(815301076,1909f56bfc062723c751e8b465ee728b)
Start importing Assets/Scripts/Stat.cs using Guid(2752d3c61dde836479092f453e35f989) Importer(815301076,1909f56bfc062723c751e8b465ee728b)  -> (artifact id: '344c1b87309a24b0429feb6f21ff6002') in 0.007601 seconds
  Import took 0.012700 seconds .

========================================================================
Received Import Request.
  Time since last request: 0.050998 seconds.
  path: Assets/Scripts/Stat.cs
  artifactKey: Guid(2752d3c61dde836479092f453e35f989) Importer(815301076,1909f56bfc062723c751e8b465ee728b)
Start importing Assets/Scripts/Stat.cs using Guid(2752d3c61dde836479092f453e35f989) Importer(815301076,1909f56bfc062723c751e8b465ee728b)  -> (artifact id: '344c1b87309a24b0429feb6f21ff6002') in 0.002514 seconds
  Import took 0.007587 seconds .

========================================================================
Received Prepare
Registering precompiled user dll's ...
Registered in 0.003409 seconds.
Begin MonoManager ReloadAssembly
Native extension for WindowsStandalone target not found
Refreshing native plugins compatible for Editor in 0.81 ms, found 1 plugins.
Preloading 0 native plugins for Editor in 0.00 ms.
Mono: successfully reloaded assembly
- Completed reload, in  1.258 seconds
Platform modules already initialized, skipping
Refreshing native plugins compatible for Editor in 0.74 ms, found 1 plugins.
Preloading 0 native plugins for Editor in 0.00 ms.
Unloading 1861 Unused Serialized files (Serialized files now loaded: 0)
System memory in use before: 86.9 MB.
System memory in use after: 86.9 MB.

Unloading 19 unused Assets to reduce memory usage. Loaded Objects now: 2354.
Total: 2.705200 ms (FindLiveObjects: 0.258900 ms CreateObjectMapping: 0.054100 ms MarkObjects: 2.211600 ms  DeleteObjects: 0.178600 ms)

========================================================================
Received Import Request.
  Time since last request: 99.863822 seconds.
  path: Assets/Scripts/Stat.cs
  artifactKey: Guid(2752d3c61dde836479092f453e35f989) Importer(815301076,1909f56bfc062723c751e8b465ee728b)
Start importing Assets/Scripts/Stat.cs using Guid(2752d3c61dde836479092f453e35f989) Importer(815301076,1909f56bfc062723c751e8b465ee728b)  -> (artifact id: 'c74df664fd0d6a22674e8db1a5aeaedc') in 0.006865 seconds
  Import took 0.010422 seconds .

========================================================================
Received Prepare
Registering precompiled user dll's ...
Registered in 0.005214 seconds.
Begin MonoManager ReloadAssembly
Native extension for WindowsStandalone target not found
Refreshing native plugins compatible for Editor in 1.06 ms, found 1 plugins.
Preloading 0 native plugins for Editor in 0.00 ms.
Mono: successfully reloaded assembly
- Completed reload, in  1.637 seconds
Platform modules already initialized, skipping
Refreshing native plugins compatible for Editor in 1.15 ms, found 1 plugins.
Preloading 0 native plugins for Editor in 0.00 ms.
Unloading 1861 Unused Serialized files (Serialized files now loaded: 0)
System memory in use before: 86.9 MB.
System memory in use after: 86.9 MB.

Unloading 19 unused Assets to reduce memory usage. Loaded Objects now: 2358.
Total: 4.284700 ms (FindLiveObjects: 0.440300 ms CreateObjectMapping: 0.200000 ms MarkObjects: 3.456200 ms  DeleteObjects: 0.185600 ms)

========================================================================
Received Prepare
Registering precompiled user dll's ...
Registered in 0.004995 seconds.
Begin MonoManager ReloadAssembly
Native extension for WindowsStandalone target not found
Refreshing native plugins compatible for Editor in 0.86 ms, found 1 plugins.
Preloading 0 native plugins for Editor in 0.00 ms.
Mono: successfully reloaded assembly
- Completed reload, in  1.285 seconds
Platform modules already initialized, skipping
Refreshing native plugins compatible for Editor in 0.64 ms, found 1 plugins.
Preloading 0 native plugins for Editor in 0.00 ms.
Unloading 1861 Unused Serialized files (Serialized files now loaded: 0)
System memory in use before: 86.9 MB.
System memory in use after: 86.9 MB.

Unloading 19 unused Assets to reduce memory usage. Loaded Objects now: 2362.
Total: 4.677100 ms (FindLiveObjects: 0.341500 ms CreateObjectMapping: 0.202700 ms MarkObjects: 3.908400 ms  DeleteObjects: 0.222600 ms)

========================================================================
Received Prepare
Registering precompiled user dll's ...
Registered in 0.003863 seconds.
Begin MonoManager ReloadAssembly
Native extension for WindowsStandalone target not found
Refreshing native plugins compatible for Editor in 0.78 ms, found 1 plugins.
Preloading 0 native plugins for Editor in 0.00 ms.
Mono: successfully reloaded assembly
- Completed reload, in  1.167 seconds
Platform modules already initialized, skipping
Refreshing native plugins compatible for Editor in 0.65 ms, found 1 plugins.
Preloading 0 native plugins for Editor in 0.00 ms.
Unloading 1861 Unused Serialized files (Serialized files now loaded: 0)
System memory in use before: 86.9 MB.
System memory in use after: 86.9 MB.

Unloading 19 unused Assets to reduce memory usage. Loaded Objects now: 2366.
Total: 4.380100 ms (FindLiveObjects: 0.363900 ms CreateObjectMapping: 0.140700 ms MarkObjects: 3.635500 ms  DeleteObjects: 0.238000 ms)

========================================================================
Received Import Request.
  Time since last request: 2694.763718 seconds.
  path: Assets/Prefabs/Enemy.prefab
  artifactKey: Guid(d4a045d9150b6e146978b74d481419a6) Importer(815301076,1909f56bfc062723c751e8b465ee728b)
Start importing Assets/Prefabs/Enemy.prefab using Guid(d4a045d9150b6e146978b74d481419a6) Importer(815301076,1909f56bfc062723c751e8b465ee728b)  -> (artifact id: '3d3ae9bafa8e387b03dd7bb0af7757a3') in 0.180987 seconds
  Import took 0.186069 seconds .

========================================================================
Received Prepare
Registering precompiled user dll's ...
Registered in 0.003352 seconds.
Begin MonoManager ReloadAssembly
Native extension for WindowsStandalone target not found
Refreshing native plugins compatible for Editor in 1.20 ms, found 1 plugins.
Preloading 0 native plugins for Editor in 0.00 ms.
Mono: successfully reloaded assembly
- Completed reload, in  1.169 seconds
Platform modules already initialized, skipping
Refreshing native plugins compatible for Editor in 0.63 ms, found 1 plugins.
Preloading 0 native plugins for Editor in 0.00 ms.
Unloading 1861 Unused Serialized files (Serialized files now loaded: 0)
System memory in use before: 90.0 MB.
System memory in use after: 90.0 MB.

Unloading 19 unused Assets to reduce memory usage. Loaded Objects now: 2377.
Total: 2.772900 ms (FindLiveObjects: 0.248400 ms CreateObjectMapping: 0.052000 ms MarkObjects: 2.321700 ms  DeleteObjects: 0.148200 ms)

========================================================================
Received Import Request.
  Time since last request: 330.762496 seconds.
  path: Assets/Sprites/Overworld.png
  artifactKey: Guid(8fe1a28a11d43499c9bfb7c7c1182f81) Importer(815301076,1909f56bfc062723c751e8b465ee728b)
Start importing Assets/Sprites/Overworld.png using Guid(8fe1a28a11d43499c9bfb7c7c1182f81) Importer(815301076,1909f56bfc062723c751e8b465ee728b)  -> (artifact id: '5fd55c393e7d2c5ac9635ec6aa867de0') in 0.526810 seconds
  Import took 0.531056 seconds .

AssetImportWorkerClient::OnTransportError - code=2 error=End of file
